[WARN  Sun Apr  9 12:41:49 2023] ...share/nvim/lazy/telescope.nvim/lua/telescope/pickers.lua:489: Finder failed with msg:  ...re/nvim/lazy/telescope.nvim/lua/telescope/make_entry.lua:507: attempt to index local 'opts' (a nil value)
[WARN  Sun Apr  9 12:41:49 2023] ...share/nvim/lazy/telescope.nvim/lua/telescope/pickers.lua:489: Finder failed with msg:  ...re/nvim/lazy/telescope.nvim/lua/telescope/make_entry.lua:507: attempt to index local 'opts' (a nil value)
[WARN  Sun Apr  9 12:45:30 2023] ...share/nvim/lazy/telescope.nvim/lua/telescope/pickers.lua:489: Finder failed with msg:  ...l/share/nvim/lazy/telescope.nvim/lua/telescope/utils.lua:47: attempt to call global 'dump' (a nil value)
[WARN  Sun Apr  9 12:45:30 2023] ...share/nvim/lazy/telescope.nvim/lua/telescope/pickers.lua:489: Finder failed with msg:  ...l/share/nvim/lazy/telescope.nvim/lua/telescope/utils.lua:47: attempt to call global 'dump' (a nil value)
[WARN  Sun Apr  9 12:46:38 2023] ...share/nvim/lazy/telescope.nvim/lua/telescope/pickers.lua:489: Finder failed with msg:  ...l/share/nvim/lazy/telescope.nvim/lua/telescope/utils.lua:47: attempt to call global 'print_table' (a nil value)
[WARN  Sun Apr  9 12:46:38 2023] ...share/nvim/lazy/telescope.nvim/lua/telescope/pickers.lua:489: Finder failed with msg:  ...l/share/nvim/lazy/telescope.nvim/lua/telescope/utils.lua:47: attempt to call global 'print_table' (a nil value)
[WARN  Sun Apr  9 15:03:15 2023] ...share/nvim/lazy/telescope.nvim/lua/telescope/pickers.lua:489: Finder failed with msg:  ...re/nvim/lazy/telescope.nvim/lua/telescope/make_entry.lua:535: attempt to concatenate field 'icon' (a nil value)
[WARN  Sun Apr  9 15:03:15 2023] ...share/nvim/lazy/telescope.nvim/lua/telescope/pickers.lua:489: Finder failed with msg:  ...re/nvim/lazy/telescope.nvim/lua/telescope/make_entry.lua:535: attempt to concatenate field 'icon' (a nil value)
[WARN  Sun Apr  9 15:05:32 2023] ...share/nvim/lazy/telescope.nvim/lua/telescope/pickers.lua:489: Finder failed with msg:  ...re/nvim/lazy/telescope.nvim/lua/telescope/make_entry.lua:542: attempt to concatenate field 'icon' (a nil value)
[WARN  Sun Apr  9 15:05:32 2023] ...share/nvim/lazy/telescope.nvim/lua/telescope/pickers.lua:489: Finder failed with msg:  ...re/nvim/lazy/telescope.nvim/lua/telescope/make_entry.lua:542: attempt to concatenate field 'icon' (a nil value)
[WARN  Sun Apr  9 19:43:23 2023] ...share/nvim/lazy/telescope.nvim/lua/telescope/pickers.lua:489: Finder failed with msg:  ...re/nvim/lazy/telescope.nvim/lua/telescope/make_entry.lua:533: attempt to index local 'config' (a boolean value)
[WARN  Sun Apr  9 19:43:23 2023] ...share/nvim/lazy/telescope.nvim/lua/telescope/pickers.lua:489: Finder failed with msg:  ...re/nvim/lazy/telescope.nvim/lua/telescope/make_entry.lua:533: attempt to index local 'config' (a boolean value)
[WARN  Sun Apr  9 19:43:56 2023] ...share/nvim/lazy/telescope.nvim/lua/telescope/pickers.lua:489: Finder failed with msg:  ...re/nvim/lazy/telescope.nvim/lua/telescope/make_entry.lua:533: attempt to index local 'config' (a boolean value)
[WARN  Sun Apr  9 19:43:56 2023] ...share/nvim/lazy/telescope.nvim/lua/telescope/pickers.lua:489: Finder failed with msg:  ...re/nvim/lazy/telescope.nvim/lua/telescope/make_entry.lua:533: attempt to index local 'config' (a boolean value)
[WARN  Sun Apr  9 19:46:41 2023] ...share/nvim/lazy/telescope.nvim/lua/telescope/pickers.lua:489: Finder failed with msg:  ...re/nvim/lazy/telescope.nvim/lua/telescope/make_entry.lua:533: attempt to index local 'config' (a boolean value)
[WARN  Sun Apr  9 19:46:41 2023] ...share/nvim/lazy/telescope.nvim/lua/telescope/pickers.lua:489: Finder failed with msg:  ...re/nvim/lazy/telescope.nvim/lua/telescope/make_entry.lua:533: attempt to index local 'config' (a boolean value)
[WARN  Sun Apr  9 21:02:26 2023] ...share/nvim/lazy/telescope.nvim/lua/telescope/pickers.lua:489: Finder failed with msg:  ....local/share/nvim/lazy/plenary.nvim/lua/plenary/path.lua:76: bad argument #1 to 'match' (string expected, got nil)
[WARN  Sun Apr  9 21:08:06 2023] ...share/nvim/lazy/telescope.nvim/lua/telescope/pickers.lua:489: Finder failed with msg:  ....local/share/nvim/lazy/plenary.nvim/lua/plenary/path.lua:76: bad argument #1 to 'match' (string expected, got nil)
[WARN  Mon Apr 10 09:13:54 2023] ...en/source/forks/telescope.nvim/lua/telescope/pickers.lua:493: Finder failed with msg:  ...source/forks/telescope.nvim/lua/telescope/make_entry.lua:549: attempt to concatenate field 'icon' (a nil value)
[WARN  Mon Apr 10 09:13:54 2023] ...en/source/forks/telescope.nvim/lua/telescope/pickers.lua:493: Finder failed with msg:  ...source/forks/telescope.nvim/lua/telescope/make_entry.lua:549: attempt to concatenate field 'icon' (a nil value)
[WARN  Mon Apr 10 09:13:56 2023] ...en/source/forks/telescope.nvim/lua/telescope/pickers.lua:493: Finder failed with msg:  ...source/forks/telescope.nvim/lua/telescope/make_entry.lua:549: attempt to concatenate field 'icon' (a nil value)
[WARN  Mon Apr 10 09:13:56 2023] ...en/source/forks/telescope.nvim/lua/telescope/pickers.lua:493: Finder failed with msg:  ...source/forks/telescope.nvim/lua/telescope/make_entry.lua:549: attempt to concatenate field 'icon' (a nil value)
[WARN  Mon Apr 10 09:13:57 2023] ...en/source/forks/telescope.nvim/lua/telescope/pickers.lua:493: Finder failed with msg:  ...source/forks/telescope.nvim/lua/telescope/make_entry.lua:549: attempt to concatenate field 'icon' (a nil value)
[WARN  Mon Apr 10 09:13:57 2023] ...en/source/forks/telescope.nvim/lua/telescope/pickers.lua:493: Finder failed with msg:  ...source/forks/telescope.nvim/lua/telescope/make_entry.lua:549: attempt to concatenate field 'icon' (a nil value)
[WARN  Mon Apr 10 09:13:58 2023] ...en/source/forks/telescope.nvim/lua/telescope/pickers.lua:493: Finder failed with msg:  ...source/forks/telescope.nvim/lua/telescope/make_entry.lua:549: attempt to concatenate field 'icon' (a nil value)
[WARN  Mon Apr 10 09:13:59 2023] ...en/source/forks/telescope.nvim/lua/telescope/pickers.lua:493: Finder failed with msg:  ...source/forks/telescope.nvim/lua/telescope/make_entry.lua:549: attempt to concatenate field 'icon' (a nil value)
[WARN  Mon Apr 10 09:14:31 2023] ...en/source/forks/telescope.nvim/lua/telescope/pickers.lua:493: Finder failed with msg:  ...source/forks/telescope.nvim/lua/telescope/make_entry.lua:548: attempt to concatenate field 'icon' (a nil value)
[WARN  Mon Apr 10 09:14:31 2023] ...en/source/forks/telescope.nvim/lua/telescope/pickers.lua:493: Finder failed with msg:  ...source/forks/telescope.nvim/lua/telescope/make_entry.lua:548: attempt to concatenate field 'icon' (a nil value)
[WARN  Mon Apr 10 09:53:58 2023] ...en/source/forks/telescope.nvim/lua/telescope/pickers.lua:493: Finder failed with msg:  ...source/forks/telescope.nvim/lua/telescope/make_entry.lua:548: attempt to concatenate field 'icon' (a nil value)
[WARN  Mon Apr 10 09:54:00 2023] ...en/source/forks/telescope.nvim/lua/telescope/pickers.lua:493: Finder failed with msg:  ...source/forks/telescope.nvim/lua/telescope/make_entry.lua:548: attempt to concatenate field 'icon' (a nil value)
[WARN  Mon Apr 10 09:54:03 2023] ...en/source/forks/telescope.nvim/lua/telescope/pickers.lua:493: Finder failed with msg:  ...source/forks/telescope.nvim/lua/telescope/make_entry.lua:548: attempt to concatenate field 'icon' (a nil value)
[WARN  Mon Apr 10 09:54:03 2023] ...en/source/forks/telescope.nvim/lua/telescope/pickers.lua:493: Finder failed with msg:  ...source/forks/telescope.nvim/lua/telescope/make_entry.lua:548: attempt to concatenate field 'icon' (a nil value)
[WARN  Mon Apr 10 09:54:04 2023] ...en/source/forks/telescope.nvim/lua/telescope/pickers.lua:493: Finder failed with msg:  ...source/forks/telescope.nvim/lua/telescope/make_entry.lua:548: attempt to concatenate field 'icon' (a nil value)
[WARN  Mon Apr 10 09:54:04 2023] ...en/source/forks/telescope.nvim/lua/telescope/pickers.lua:493: Finder failed with msg:  ...source/forks/telescope.nvim/lua/telescope/make_entry.lua:548: attempt to concatenate field 'icon' (a nil value)
[WARN  Mon Apr 10 09:54:04 2023] ...en/source/forks/telescope.nvim/lua/telescope/pickers.lua:493: Finder failed with msg:  ...source/forks/telescope.nvim/lua/telescope/make_entry.lua:548: attempt to concatenate field 'icon' (a nil value)
[WARN  Mon Apr 10 09:54:04 2023] ...en/source/forks/telescope.nvim/lua/telescope/pickers.lua:493: Finder failed with msg:  ...source/forks/telescope.nvim/lua/telescope/make_entry.lua:548: attempt to concatenate field 'icon' (a nil value)
[WARN  Mon Apr 10 09:54:04 2023] ...en/source/forks/telescope.nvim/lua/telescope/pickers.lua:493: Finder failed with msg:  ...source/forks/telescope.nvim/lua/telescope/make_entry.lua:548: attempt to concatenate field 'icon' (a nil value)
[WARN  Mon Apr 10 09:54:04 2023] ...en/source/forks/telescope.nvim/lua/telescope/pickers.lua:493: Finder failed with msg:  ...source/forks/telescope.nvim/lua/telescope/make_entry.lua:548: attempt to concatenate field 'icon' (a nil value)
[WARN  Mon Apr 10 09:54:05 2023] ...en/source/forks/telescope.nvim/lua/telescope/pickers.lua:493: Finder failed with msg:  ...source/forks/telescope.nvim/lua/telescope/make_entry.lua:548: attempt to concatenate field 'icon' (a nil value)
[WARN  Mon Apr 10 09:54:05 2023] ...en/source/forks/telescope.nvim/lua/telescope/pickers.lua:493: Finder failed with msg:  ...source/forks/telescope.nvim/lua/telescope/make_entry.lua:548: attempt to concatenate field 'icon' (a nil value)
[WARN  Mon Apr 10 09:54:38 2023] ...en/source/forks/telescope.nvim/lua/telescope/pickers.lua:493: Finder failed with msg:  ...source/forks/telescope.nvim/lua/telescope/make_entry.lua:548: attempt to concatenate field 'icon' (a nil value)
[WARN  Mon Apr 10 14:25:37 2023] ...en/source/forks/telescope.nvim/lua/telescope/pickers.lua:493: Finder failed with msg:  .../tmadsen/source/forks/telescope.nvim/lua/telescope/_.lua:297: hygge: Executable not found
stack traceback:
	.../tmadsen/source/forks/telescope.nvim/lua/telescope/_.lua:297: in function 'convert_opts'
	.../tmadsen/source/forks/telescope.nvim/lua/telescope/_.lua:17: in function 'new'
	.../tmadsen/source/forks/telescope.nvim/lua/telescope/_.lua:63: in function 'spawn'
	...elescope.nvim/lua/telescope/finders/async_job_finder.lua:49: in function 'finder'
	...en/source/forks/telescope.nvim/lua/telescope/pickers.lua:489: in function <...en/source/forks/telescope.nvim/lua/telescope/pickers.lua:488>
	[C]: in function 'pcall'
	...en/source/forks/telescope.nvim/lua/telescope/pickers.lua:488: in function <...en/source/forks/telescope.nvim/lua/telescope/pickers.lua:450>
[WARN  Mon Apr 10 14:25:38 2023] ...en/source/forks/telescope.nvim/lua/telescope/pickers.lua:493: Finder failed with msg:  .../tmadsen/source/forks/telescope.nvim/lua/telescope/_.lua:297: hygge: Executable not found
stack traceback:
	.../tmadsen/source/forks/telescope.nvim/lua/telescope/_.lua:297: in function 'convert_opts'
	.../tmadsen/source/forks/telescope.nvim/lua/telescope/_.lua:17: in function 'new'
	.../tmadsen/source/forks/telescope.nvim/lua/telescope/_.lua:63: in function 'spawn'
	...elescope.nvim/lua/telescope/finders/async_job_finder.lua:49: in function 'finder'
	...en/source/forks/telescope.nvim/lua/telescope/pickers.lua:489: in function <...en/source/forks/telescope.nvim/lua/telescope/pickers.lua:488>
	[C]: in function 'pcall'
	...en/source/forks/telescope.nvim/lua/telescope/pickers.lua:488: in function <...en/source/forks/telescope.nvim/lua/telescope/pickers.lua:450>
[WARN  Mon Apr 10 14:25:39 2023] ...en/source/forks/telescope.nvim/lua/telescope/pickers.lua:493: Finder failed with msg:  .../tmadsen/source/forks/telescope.nvim/lua/telescope/_.lua:297: hygge: Executable not found
stack traceback:
	.../tmadsen/source/forks/telescope.nvim/lua/telescope/_.lua:297: in function 'convert_opts'
	.../tmadsen/source/forks/telescope.nvim/lua/telescope/_.lua:17: in function 'new'
	.../tmadsen/source/forks/telescope.nvim/lua/telescope/_.lua:63: in function 'spawn'
	...elescope.nvim/lua/telescope/finders/async_job_finder.lua:49: in function 'finder'
	...en/source/forks/telescope.nvim/lua/telescope/pickers.lua:489: in function <...en/source/forks/telescope.nvim/lua/telescope/pickers.lua:488>
	[C]: in function 'pcall'
	...en/source/forks/telescope.nvim/lua/telescope/pickers.lua:488: in function <...en/source/forks/telescope.nvim/lua/telescope/pickers.lua:450>
[WARN  Mon Apr 10 14:25:39 2023] ...en/source/forks/telescope.nvim/lua/telescope/pickers.lua:493: Finder failed with msg:  .../tmadsen/source/forks/telescope.nvim/lua/telescope/_.lua:297: hygge: Executable not found
stack traceback:
	.../tmadsen/source/forks/telescope.nvim/lua/telescope/_.lua:297: in function 'convert_opts'
	.../tmadsen/source/forks/telescope.nvim/lua/telescope/_.lua:17: in function 'new'
	.../tmadsen/source/forks/telescope.nvim/lua/telescope/_.lua:63: in function 'spawn'
	...elescope.nvim/lua/telescope/finders/async_job_finder.lua:49: in function 'finder'
	...en/source/forks/telescope.nvim/lua/telescope/pickers.lua:489: in function <...en/source/forks/telescope.nvim/lua/telescope/pickers.lua:488>
	[C]: in function 'pcall'
	...en/source/forks/telescope.nvim/lua/telescope/pickers.lua:488: in function <...en/source/forks/telescope.nvim/lua/telescope/pickers.lua:450>
[WARN  Mon Apr 10 14:25:39 2023] ...en/source/forks/telescope.nvim/lua/telescope/pickers.lua:493: Finder failed with msg:  .../tmadsen/source/forks/telescope.nvim/lua/telescope/_.lua:297: hygge: Executable not found
stack traceback:
	.../tmadsen/source/forks/telescope.nvim/lua/telescope/_.lua:297: in function 'convert_opts'
	.../tmadsen/source/forks/telescope.nvim/lua/telescope/_.lua:17: in function 'new'
	.../tmadsen/source/forks/telescope.nvim/lua/telescope/_.lua:63: in function 'spawn'
	...elescope.nvim/lua/telescope/finders/async_job_finder.lua:49: in function 'finder'
	...en/source/forks/telescope.nvim/lua/telescope/pickers.lua:489: in function <...en/source/forks/telescope.nvim/lua/telescope/pickers.lua:488>
	[C]: in function 'pcall'
	...en/source/forks/telescope.nvim/lua/telescope/pickers.lua:488: in function <...en/source/forks/telescope.nvim/lua/telescope/pickers.lua:450>
[WARN  Mon Apr 10 14:25:39 2023] ...en/source/forks/telescope.nvim/lua/telescope/pickers.lua:493: Finder failed with msg:  .../tmadsen/source/forks/telescope.nvim/lua/telescope/_.lua:297: hygge: Executable not found
stack traceback:
	.../tmadsen/source/forks/telescope.nvim/lua/telescope/_.lua:297: in function 'convert_opts'
	.../tmadsen/source/forks/telescope.nvim/lua/telescope/_.lua:17: in function 'new'
	.../tmadsen/source/forks/telescope.nvim/lua/telescope/_.lua:63: in function 'spawn'
	...elescope.nvim/lua/telescope/finders/async_job_finder.lua:49: in function 'finder'
	...en/source/forks/telescope.nvim/lua/telescope/pickers.lua:489: in function <...en/source/forks/telescope.nvim/lua/telescope/pickers.lua:488>
	[C]: in function 'pcall'
	...en/source/forks/telescope.nvim/lua/telescope/pickers.lua:488: in function <...en/source/forks/telescope.nvim/lua/telescope/pickers.lua:450>
[WARN  Mon Apr 10 14:25:39 2023] ...en/source/forks/telescope.nvim/lua/telescope/pickers.lua:493: Finder failed with msg:  .../tmadsen/source/forks/telescope.nvim/lua/telescope/_.lua:297: hygge: Executable not found
stack traceback:
	.../tmadsen/source/forks/telescope.nvim/lua/telescope/_.lua:297: in function 'convert_opts'
	.../tmadsen/source/forks/telescope.nvim/lua/telescope/_.lua:17: in function 'new'
	.../tmadsen/source/forks/telescope.nvim/lua/telescope/_.lua:63: in function 'spawn'
	...elescope.nvim/lua/telescope/finders/async_job_finder.lua:49: in function 'finder'
	...en/source/forks/telescope.nvim/lua/telescope/pickers.lua:489: in function <...en/source/forks/telescope.nvim/lua/telescope/pickers.lua:488>
	[C]: in function 'pcall'
	...en/source/forks/telescope.nvim/lua/telescope/pickers.lua:488: in function <...en/source/forks/telescope.nvim/lua/telescope/pickers.lua:450>
[WARN  Mon Apr 10 14:25:39 2023] ...en/source/forks/telescope.nvim/lua/telescope/pickers.lua:493: Finder failed with msg:  .../tmadsen/source/forks/telescope.nvim/lua/telescope/_.lua:297: hygge: Executable not found
stack traceback:
	.../tmadsen/source/forks/telescope.nvim/lua/telescope/_.lua:297: in function 'convert_opts'
	.../tmadsen/source/forks/telescope.nvim/lua/telescope/_.lua:17: in function 'new'
	.../tmadsen/source/forks/telescope.nvim/lua/telescope/_.lua:63: in function 'spawn'
	...elescope.nvim/lua/telescope/finders/async_job_finder.lua:49: in function 'finder'
	...en/source/forks/telescope.nvim/lua/telescope/pickers.lua:489: in function <...en/source/forks/telescope.nvim/lua/telescope/pickers.lua:488>
	[C]: in function 'pcall'
	...en/source/forks/telescope.nvim/lua/telescope/pickers.lua:488: in function <...en/source/forks/telescope.nvim/lua/telescope/pickers.lua:450>
[WARN  Mon Apr 10 14:45:07 2023] ...en/source/forks/telescope.nvim/lua/telescope/pickers.lua:493: Finder failed with msg:  ...escope-fzf-native.nvim/lua/telescope/_extensions/fzf.lua:97: bad argument #1 to 'get_score' (cannot convert 'function' to 'const char *')
[WARN  Mon Apr 10 14:45:09 2023] ...en/source/forks/telescope.nvim/lua/telescope/pickers.lua:493: Finder failed with msg:  ...escope-fzf-native.nvim/lua/telescope/_extensions/fzf.lua:97: bad argument #1 to 'get_score' (cannot convert 'function' to 'const char *')
[WARN  Mon Apr 10 14:45:25 2023] ...en/source/forks/telescope.nvim/lua/telescope/pickers.lua:493: Finder failed with msg:  ...escope-fzf-native.nvim/lua/telescope/_extensions/fzf.lua:97: bad argument #1 to 'get_score' (cannot convert 'function' to 'const char *')
[WARN  Mon Apr 10 14:45:26 2023] ...en/source/forks/telescope.nvim/lua/telescope/pickers.lua:493: Finder failed with msg:  ...escope-fzf-native.nvim/lua/telescope/_extensions/fzf.lua:97: bad argument #1 to 'get_score' (cannot convert 'function' to 'const char *')
[WARN  Mon Apr 10 14:45:26 2023] ...en/source/forks/telescope.nvim/lua/telescope/pickers.lua:493: Finder failed with msg:  ...escope-fzf-native.nvim/lua/telescope/_extensions/fzf.lua:97: bad argument #1 to 'get_score' (cannot convert 'function' to 'const char *')
[WARN  Mon Apr 10 14:45:27 2023] ...en/source/forks/telescope.nvim/lua/telescope/pickers.lua:493: Finder failed with msg:  ...escope-fzf-native.nvim/lua/telescope/_extensions/fzf.lua:97: bad argument #1 to 'get_score' (cannot convert 'function' to 'const char *')
[WARN  Mon Apr 10 14:45:28 2023] ...en/source/forks/telescope.nvim/lua/telescope/pickers.lua:493: Finder failed with msg:  ...escope-fzf-native.nvim/lua/telescope/_extensions/fzf.lua:97: bad argument #1 to 'get_score' (cannot convert 'function' to 'const char *')
[WARN  Mon Apr 10 14:45:29 2023] ...en/source/forks/telescope.nvim/lua/telescope/pickers.lua:493: Finder failed with msg:  ...escope-fzf-native.nvim/lua/telescope/_extensions/fzf.lua:97: bad argument #1 to 'get_score' (cannot convert 'function' to 'const char *')
[WARN  Mon Apr 10 14:45:29 2023] ...en/source/forks/telescope.nvim/lua/telescope/pickers.lua:493: Finder failed with msg:  ...escope-fzf-native.nvim/lua/telescope/_extensions/fzf.lua:97: bad argument #1 to 'get_score' (cannot convert 'function' to 'const char *')
[WARN  Mon Apr 10 15:38:56 2023] ...en/source/forks/telescope.nvim/lua/telescope/pickers.lua:493: Finder failed with msg:  ...en/source/forks/telescope.nvim/lua/telescope/finders.lua:134: bad argument #1 to 'ipairs' (table expected, got nil)
[WARN  Mon Apr 10 15:38:57 2023] ...en/source/forks/telescope.nvim/lua/telescope/pickers.lua:493: Finder failed with msg:  ...en/source/forks/telescope.nvim/lua/telescope/finders.lua:134: bad argument #1 to 'ipairs' (table expected, got nil)
[WARN  Mon Apr 10 15:51:05 2023] ...en/source/forks/telescope.nvim/lua/telescope/pickers.lua:493: Finder failed with msg:  ...en/source/forks/telescope.nvim/lua/telescope/finders.lua:134: bad argument #1 to 'ipairs' (table expected, got nil)
[WARN  Mon Apr 10 15:51:06 2023] ...en/source/forks/telescope.nvim/lua/telescope/pickers.lua:493: Finder failed with msg:  ...en/source/forks/telescope.nvim/lua/telescope/finders.lua:134: bad argument #1 to 'ipairs' (table expected, got nil)
[WARN  Mon Apr 10 15:51:06 2023] ...en/source/forks/telescope.nvim/lua/telescope/pickers.lua:493: Finder failed with msg:  ...en/source/forks/telescope.nvim/lua/telescope/finders.lua:134: bad argument #1 to 'ipairs' (table expected, got nil)
[WARN  Mon Apr 10 16:36:56 2023] ...en/source/forks/telescope.nvim/lua/telescope/pickers.lua:493: Finder failed with msg:  ...en/source/forks/telescope.nvim/lua/telescope/finders.lua:134: bad argument #1 to 'ipairs' (table expected, got nil)
[WARN  Mon Apr 10 16:36:57 2023] ...en/source/forks/telescope.nvim/lua/telescope/pickers.lua:493: Finder failed with msg:  ...en/source/forks/telescope.nvim/lua/telescope/finders.lua:134: bad argument #1 to 'ipairs' (table expected, got nil)
[WARN  Mon Apr 10 16:36:58 2023] ...en/source/forks/telescope.nvim/lua/telescope/pickers.lua:493: Finder failed with msg:  ...en/source/forks/telescope.nvim/lua/telescope/finders.lua:134: bad argument #1 to 'ipairs' (table expected, got nil)
[WARN  Mon Apr 10 16:36:59 2023] ...en/source/forks/telescope.nvim/lua/telescope/pickers.lua:493: Finder failed with msg:  ...en/source/forks/telescope.nvim/lua/telescope/finders.lua:134: bad argument #1 to 'ipairs' (table expected, got nil)
[WARN  Mon Apr 10 17:03:19 2023] ...en/source/forks/telescope.nvim/lua/telescope/pickers.lua:493: Finder failed with msg:  ...en/source/forks/telescope.nvim/lua/telescope/finders.lua:134: bad argument #1 to 'ipairs' (table expected, got nil)
[WARN  Mon Apr 10 17:03:20 2023] ...en/source/forks/telescope.nvim/lua/telescope/pickers.lua:493: Finder failed with msg:  ...en/source/forks/telescope.nvim/lua/telescope/finders.lua:134: bad argument #1 to 'ipairs' (table expected, got nil)
[WARN  Mon Apr 10 17:04:43 2023] ...en/source/forks/telescope.nvim/lua/telescope/pickers.lua:493: Finder failed with msg:  ...en/source/forks/telescope.nvim/lua/telescope/finders.lua:134: bad argument #1 to 'ipairs' (table expected, got nil)
[WARN  Mon Apr 10 17:04:45 2023] ...en/source/forks/telescope.nvim/lua/telescope/pickers.lua:493: Finder failed with msg:  ...en/source/forks/telescope.nvim/lua/telescope/finders.lua:134: bad argument #1 to 'ipairs' (table expected, got nil)
[WARN  Mon Apr 10 17:04:45 2023] ...en/source/forks/telescope.nvim/lua/telescope/pickers.lua:493: Finder failed with msg:  ...en/source/forks/telescope.nvim/lua/telescope/finders.lua:134: bad argument #1 to 'ipairs' (table expected, got nil)
[WARN  Mon Apr 10 17:07:48 2023] ...en/source/forks/telescope.nvim/lua/telescope/pickers.lua:493: Finder failed with msg:  ...en/source/forks/telescope.nvim/lua/telescope/finders.lua:134: bad argument #1 to 'ipairs' (table expected, got nil)
[WARN  Mon Apr 10 17:07:51 2023] ...en/source/forks/telescope.nvim/lua/telescope/pickers.lua:493: Finder failed with msg:  ...en/source/forks/telescope.nvim/lua/telescope/finders.lua:134: bad argument #1 to 'ipairs' (table expected, got nil)
[WARN  Mon Apr 10 17:25:14 2023] ...en/source/forks/telescope.nvim/lua/telescope/pickers.lua:493: Finder failed with msg:  ...en/source/forks/telescope.nvim/lua/telescope/pickers.lua:1289: attempt to index local 'entry' (a number value)
[WARN  Mon Apr 10 17:25:15 2023] ...en/source/forks/telescope.nvim/lua/telescope/pickers.lua:493: Finder failed with msg:  ...en/source/forks/telescope.nvim/lua/telescope/pickers.lua:1289: attempt to index local 'entry' (a number value)
[WARN  Mon Apr 10 17:28:24 2023] ...en/source/forks/telescope.nvim/lua/telescope/pickers.lua:493: Finder failed with msg:  ...source/forks/telescope.nvim/lua/telescope/make_entry.lua:580: attempt to index local 'entry' (a number value)
[WARN  Mon Apr 10 17:28:24 2023] ...en/source/forks/telescope.nvim/lua/telescope/pickers.lua:493: Finder failed with msg:  ...source/forks/telescope.nvim/lua/telescope/make_entry.lua:580: attempt to index local 'entry' (a number value)
[WARN  Mon Apr 10 17:28:25 2023] ...en/source/forks/telescope.nvim/lua/telescope/pickers.lua:493: Finder failed with msg:  ...source/forks/telescope.nvim/lua/telescope/make_entry.lua:580: attempt to index local 'entry' (a number value)
[WARN  Mon Apr 10 17:28:26 2023] ...en/source/forks/telescope.nvim/lua/telescope/pickers.lua:493: Finder failed with msg:  ...source/forks/telescope.nvim/lua/telescope/make_entry.lua:580: attempt to index local 'entry' (a number value)
[WARN  Mon Apr 10 17:29:07 2023] ...en/source/forks/telescope.nvim/lua/telescope/pickers.lua:493: Finder failed with msg:  ...source/forks/telescope.nvim/lua/telescope/make_entry.lua:580: attempt to index local 'entry' (a number value)
[WARN  Mon Apr 10 17:29:08 2023] ...en/source/forks/telescope.nvim/lua/telescope/pickers.lua:493: Finder failed with msg:  ...source/forks/telescope.nvim/lua/telescope/make_entry.lua:580: attempt to index local 'entry' (a number value)
[WARN  Mon Apr 10 17:30:56 2023] ...en/source/forks/telescope.nvim/lua/telescope/pickers.lua:493: Finder failed with msg:  ...source/forks/telescope.nvim/lua/telescope/make_entry.lua:580: attempt to index local 'entry' (a number value)
[WARN  Mon Apr 10 17:30:56 2023] ...en/source/forks/telescope.nvim/lua/telescope/pickers.lua:493: Finder failed with msg:  ...source/forks/telescope.nvim/lua/telescope/make_entry.lua:580: attempt to index local 'entry' (a number value)
[WARN  Mon Apr 10 17:31:09 2023] ...en/source/forks/telescope.nvim/lua/telescope/pickers.lua:493: Finder failed with msg:  ...source/forks/telescope.nvim/lua/telescope/make_entry.lua:580: attempt to index local 'entry' (a number value)
[WARN  Mon Apr 10 17:31:09 2023] ...en/source/forks/telescope.nvim/lua/telescope/pickers.lua:493: Finder failed with msg:  ...source/forks/telescope.nvim/lua/telescope/make_entry.lua:580: attempt to index local 'entry' (a number value)
[WARN  Mon Apr 10 17:32:19 2023] ...en/source/forks/telescope.nvim/lua/telescope/pickers.lua:493: Finder failed with msg:  ...source/forks/telescope.nvim/lua/telescope/make_entry.lua:580: attempt to index local 'entry' (a number value)
[WARN  Mon Apr 10 17:32:20 2023] ...en/source/forks/telescope.nvim/lua/telescope/pickers.lua:493: Finder failed with msg:  ...source/forks/telescope.nvim/lua/telescope/make_entry.lua:580: attempt to index local 'entry' (a number value)
[WARN  Mon Apr 10 21:47:09 2023] ...share/nvim/lazy/telescope.nvim/lua/telescope/pickers.lua:493: Finder failed with msg:  [string ":source (no file)"]:41: attempt to index local 'entry' (a number value)
[WARN  Mon Apr 10 21:47:26 2023] ...share/nvim/lazy/telescope.nvim/lua/telescope/pickers.lua:493: Finder failed with msg:  [string ":source (no file)"]:48: attempt to index local 'entry' (a number value)
[WARN  Mon Apr 10 21:47:50 2023] ...share/nvim/lazy/telescope.nvim/lua/telescope/pickers.lua:493: Finder failed with msg:  [string ":source (no file)"]:48: attempt to index local 'entry' (a number value)
[WARN  Mon Apr 10 21:48:10 2023] ...share/nvim/lazy/telescope.nvim/lua/telescope/pickers.lua:493: Finder failed with msg:  [string ":source (no file)"]:48: attempt to index local 'entry' (a number value)
[WARN  Mon Apr 10 21:48:11 2023] ...share/nvim/lazy/telescope.nvim/lua/telescope/pickers.lua:493: Finder failed with msg:  [string ":source (no file)"]:48: attempt to index local 'entry' (a number value)
[WARN  Mon Apr 10 21:48:13 2023] ...share/nvim/lazy/telescope.nvim/lua/telescope/pickers.lua:493: Finder failed with msg:  [string ":source (no file)"]:48: attempt to index local 'entry' (a number value)
[WARN  Mon Apr 10 21:48:13 2023] ...share/nvim/lazy/telescope.nvim/lua/telescope/pickers.lua:493: Finder failed with msg:  [string ":source (no file)"]:48: attempt to index local 'entry' (a number value)
[WARN  Tue Apr 11 21:43:55 2023] ...share/nvim/lazy/telescope.nvim/lua/telescope/pickers.lua:489: Finder failed with msg:  hygge.lua:48: attempt to index local 'entry' (a number value)
[WARN  Tue Apr 11 21:45:40 2023] ...share/nvim/lazy/telescope.nvim/lua/telescope/pickers.lua:489: Finder failed with msg:  hygge.lua:55: attempt to index local 'entry' (a number value)
[WARN  Tue Apr 11 21:45:41 2023] ...share/nvim/lazy/telescope.nvim/lua/telescope/pickers.lua:489: Finder failed with msg:  hygge.lua:55: attempt to index local 'entry' (a number value)
[WARN  Tue Apr 11 21:46:37 2023] ...share/nvim/lazy/telescope.nvim/lua/telescope/pickers.lua:489: Finder failed with msg:  hygge.lua:55: attempt to index local 'entry' (a number value)
[WARN  Tue Apr 11 21:46:39 2023] ...share/nvim/lazy/telescope.nvim/lua/telescope/pickers.lua:489: Finder failed with msg:  hygge.lua:55: attempt to index local 'entry' (a number value)
[WARN  Thu Apr 13 20:35:18 2023] ...share/nvim/lazy/telescope.nvim/lua/telescope/pickers.lua:489: Finder failed with msg:  ...share/nvim/lazy/telescope.nvim/lua/telescope/finders.lua:134: bad argument #1 to 'ipairs' (table expected, got function)
[WARN  Thu Apr 13 20:42:46 2023] ...share/nvim/lazy/telescope.nvim/lua/telescope/pickers.lua:489: Finder failed with msg:  ...share/nvim/lazy/telescope.nvim/lua/telescope/finders.lua:132: attempt to call field 'fn' (a table value)
[WARN  Thu Apr 13 20:42:47 2023] ...share/nvim/lazy/telescope.nvim/lua/telescope/pickers.lua:489: Finder failed with msg:  ...share/nvim/lazy/telescope.nvim/lua/telescope/finders.lua:132: attempt to call field 'fn' (a table value)
[WARN  Sun Apr 16 12:51:03 2023] ...share/nvim/lazy/telescope.nvim/lua/telescope/pickers.lua:489: Finder failed with msg:  ...share/nvim/lazy/telescope.nvim/lua/telescope/finders.lua:132: attempt to call field 'fn' (a nil value)
[WARN  Sun Apr 16 12:51:21 2023] ...share/nvim/lazy/telescope.nvim/lua/telescope/pickers.lua:489: Finder failed with msg:  ...share/nvim/lazy/telescope.nvim/lua/telescope/finders.lua:134: bad argument #1 to 'ipairs' (table expected, got nil)
[WARN  Sun Apr 16 12:52:46 2023] ...share/nvim/lazy/telescope.nvim/lua/telescope/pickers.lua:489: Finder failed with msg:  ...share/nvim/lazy/telescope.nvim/lua/telescope/finders.lua:134: bad argument #1 to 'ipairs' (table expected, got function)
[WARN  Sun Apr 16 12:53:24 2023] ...share/nvim/lazy/telescope.nvim/lua/telescope/pickers.lua:489: Finder failed with msg:  ...share/nvim/lazy/telescope.nvim/lua/telescope/finders.lua:134: bad argument #1 to 'ipairs' (table expected, got nil)
[WARN  Sun Apr 16 15:07:55 2023] ...share/nvim/lazy/telescope.nvim/lua/telescope/pickers.lua:489: Finder failed with msg:  ...share/nvim/lazy/telescope.nvim/lua/telescope/finders.lua:134: bad argument #1 to 'ipairs' (table expected, got nil)
[WARN  Sun Apr 16 15:07:58 2023] ...share/nvim/lazy/telescope.nvim/lua/telescope/pickers.lua:489: Finder failed with msg:  ...share/nvim/lazy/telescope.nvim/lua/telescope/finders.lua:134: bad argument #1 to 'ipairs' (table expected, got nil)
[WARN  Sun Apr 16 15:10:19 2023] ...share/nvim/lazy/telescope.nvim/lua/telescope/pickers.lua:489: Finder failed with msg:  ...share/nvim/lazy/telescope.nvim/lua/telescope/finders.lua:132: attempt to call field 'fn' (a nil value)
[WARN  Sun Apr 16 15:10:20 2023] ...share/nvim/lazy/telescope.nvim/lua/telescope/pickers.lua:489: Finder failed with msg:  ...share/nvim/lazy/telescope.nvim/lua/telescope/finders.lua:132: attempt to call field 'fn' (a nil value)
[WARN  Sun Apr 16 15:10:48 2023] ...share/nvim/lazy/telescope.nvim/lua/telescope/pickers.lua:489: Finder failed with msg:  ...share/nvim/lazy/telescope.nvim/lua/telescope/finders.lua:132: attempt to call field 'fn' (a nil value)
[WARN  Sun Apr 16 15:10:49 2023] ...share/nvim/lazy/telescope.nvim/lua/telescope/pickers.lua:489: Finder failed with msg:  ...share/nvim/lazy/telescope.nvim/lua/telescope/finders.lua:132: attempt to call field 'fn' (a nil value)
[WARN  Sun Apr 16 15:11:40 2023] ...share/nvim/lazy/telescope.nvim/lua/telescope/pickers.lua:489: Finder failed with msg:  ...share/nvim/lazy/telescope.nvim/lua/telescope/finders.lua:132: attempt to call field 'fn' (a nil value)
[WARN  Sun Apr 16 15:11:41 2023] ...share/nvim/lazy/telescope.nvim/lua/telescope/pickers.lua:489: Finder failed with msg:  ...share/nvim/lazy/telescope.nvim/lua/telescope/finders.lua:132: attempt to call field 'fn' (a nil value)
[WARN  Sun Apr 16 15:12:25 2023] ...share/nvim/lazy/telescope.nvim/lua/telescope/pickers.lua:489: Finder failed with msg:  ...share/nvim/lazy/telescope.nvim/lua/telescope/finders.lua:132: attempt to call field 'fn' (a nil value)
[WARN  Sun Apr 16 15:12:26 2023] ...share/nvim/lazy/telescope.nvim/lua/telescope/pickers.lua:489: Finder failed with msg:  ...share/nvim/lazy/telescope.nvim/lua/telescope/finders.lua:132: attempt to call field 'fn' (a nil value)
[WARN  Sun Apr 16 16:05:16 2023] ...share/nvim/lazy/telescope.nvim/lua/telescope/pickers.lua:489: Finder failed with msg:  ...share/nvim/lazy/telescope.nvim/lua/telescope/finders.lua:134: bad argument #1 to 'ipairs' (table expected, got nil)
[WARN  Sun Apr 16 16:05:17 2023] ...share/nvim/lazy/telescope.nvim/lua/telescope/pickers.lua:489: Finder failed with msg:  ...share/nvim/lazy/telescope.nvim/lua/telescope/finders.lua:134: bad argument #1 to 'ipairs' (table expected, got nil)
[WARN  Sun Apr 16 16:05:17 2023] ...share/nvim/lazy/telescope.nvim/lua/telescope/pickers.lua:489: Finder failed with msg:  ...share/nvim/lazy/telescope.nvim/lua/telescope/finders.lua:134: bad argument #1 to 'ipairs' (table expected, got nil)
[WARN  Sun Apr 16 16:05:17 2023] ...share/nvim/lazy/telescope.nvim/lua/telescope/pickers.lua:489: Finder failed with msg:  ...share/nvim/lazy/telescope.nvim/lua/telescope/finders.lua:134: bad argument #1 to 'ipairs' (table expected, got nil)
[WARN  Sun Apr 16 16:05:17 2023] ...share/nvim/lazy/telescope.nvim/lua/telescope/pickers.lua:489: Finder failed with msg:  ...share/nvim/lazy/telescope.nvim/lua/telescope/finders.lua:134: bad argument #1 to 'ipairs' (table expected, got nil)
[WARN  Sun Apr 16 16:05:19 2023] ...share/nvim/lazy/telescope.nvim/lua/telescope/pickers.lua:489: Finder failed with msg:  ...share/nvim/lazy/telescope.nvim/lua/telescope/finders.lua:134: bad argument #1 to 'ipairs' (table expected, got nil)
[WARN  Sun Apr 16 16:05:19 2023] ...share/nvim/lazy/telescope.nvim/lua/telescope/pickers.lua:489: Finder failed with msg:  ...share/nvim/lazy/telescope.nvim/lua/telescope/finders.lua:134: bad argument #1 to 'ipairs' (table expected, got nil)
[WARN  Sun Apr 16 16:05:19 2023] ...share/nvim/lazy/telescope.nvim/lua/telescope/pickers.lua:489: Finder failed with msg:  ...share/nvim/lazy/telescope.nvim/lua/telescope/finders.lua:134: bad argument #1 to 'ipairs' (table expected, got nil)
[WARN  Sun Apr 16 16:05:20 2023] ...share/nvim/lazy/telescope.nvim/lua/telescope/pickers.lua:489: Finder failed with msg:  ...share/nvim/lazy/telescope.nvim/lua/telescope/finders.lua:134: bad argument #1 to 'ipairs' (table expected, got nil)
[WARN  Sun Apr 16 16:05:20 2023] ...share/nvim/lazy/telescope.nvim/lua/telescope/pickers.lua:489: Finder failed with msg:  ...share/nvim/lazy/telescope.nvim/lua/telescope/finders.lua:134: bad argument #1 to 'ipairs' (table expected, got nil)
[WARN  Sun Apr 16 16:05:22 2023] ...share/nvim/lazy/telescope.nvim/lua/telescope/pickers.lua:489: Finder failed with msg:  ...share/nvim/lazy/telescope.nvim/lua/telescope/finders.lua:134: bad argument #1 to 'ipairs' (table expected, got nil)
[WARN  Sun Apr 16 16:05:23 2023] ...share/nvim/lazy/telescope.nvim/lua/telescope/pickers.lua:489: Finder failed with msg:  ...share/nvim/lazy/telescope.nvim/lua/telescope/finders.lua:134: bad argument #1 to 'ipairs' (table expected, got nil)
[WARN  Sun Apr 16 16:05:24 2023] ...share/nvim/lazy/telescope.nvim/lua/telescope/pickers.lua:489: Finder failed with msg:  ...share/nvim/lazy/telescope.nvim/lua/telescope/finders.lua:134: bad argument #1 to 'ipairs' (table expected, got nil)
[WARN  Sun Apr 16 17:08:00 2023] ...share/nvim/lazy/telescope.nvim/lua/telescope/pickers.lua:489: Finder failed with msg:  [string ":source (no file)"]:34: attempt to index local 'results' (a nil value)
[WARN  Sun Apr 16 17:08:02 2023] ...share/nvim/lazy/telescope.nvim/lua/telescope/pickers.lua:489: Finder failed with msg:  [string ":source (no file)"]:34: attempt to index local 'results' (a nil value)
[WARN  Sun Apr 16 17:08:02 2023] ...share/nvim/lazy/telescope.nvim/lua/telescope/pickers.lua:489: Finder failed with msg:  [string ":source (no file)"]:34: attempt to index local 'results' (a nil value)
[WARN  Sun Apr 16 17:08:02 2023] ...share/nvim/lazy/telescope.nvim/lua/telescope/pickers.lua:489: Finder failed with msg:  [string ":source (no file)"]:34: attempt to index local 'results' (a nil value)
[WARN  Sun Apr 16 17:08:03 2023] ...share/nvim/lazy/telescope.nvim/lua/telescope/pickers.lua:489: Finder failed with msg:  [string ":source (no file)"]:34: attempt to index local 'results' (a nil value)
[WARN  Sun Apr 16 17:08:03 2023] ...share/nvim/lazy/telescope.nvim/lua/telescope/pickers.lua:489: Finder failed with msg:  [string ":source (no file)"]:34: attempt to index local 'results' (a nil value)
[WARN  Sun Apr 16 17:08:03 2023] ...share/nvim/lazy/telescope.nvim/lua/telescope/pickers.lua:489: Finder failed with msg:  [string ":source (no file)"]:34: attempt to index local 'results' (a nil value)
[WARN  Sun Apr 16 17:08:15 2023] ...share/nvim/lazy/telescope.nvim/lua/telescope/pickers.lua:489: Finder failed with msg:  [string ":source (no file)"]:34: attempt to index local 'results' (a nil value)
[WARN  Sun Apr 16 17:15:29 2023] ...share/nvim/lazy/telescope.nvim/lua/telescope/pickers.lua:489: Finder failed with msg:  /Users/tmadsen/source/codescope.nvim/hygge.lua:79: attempt to call global 'get_filename' (a nil value)
[WARN  Sun Apr 16 17:15:30 2023] ...share/nvim/lazy/telescope.nvim/lua/telescope/pickers.lua:489: Finder failed with msg:  /Users/tmadsen/source/codescope.nvim/hygge.lua:79: attempt to call global 'get_filename' (a nil value)
[WARN  Sun Apr 16 17:15:31 2023] ...share/nvim/lazy/telescope.nvim/lua/telescope/pickers.lua:489: Finder failed with msg:  /Users/tmadsen/source/codescope.nvim/hygge.lua:79: attempt to call global 'get_filename' (a nil value)
[WARN  Sun Apr 16 17:15:32 2023] ...share/nvim/lazy/telescope.nvim/lua/telescope/pickers.lua:489: Finder failed with msg:  /Users/tmadsen/source/codescope.nvim/hygge.lua:79: attempt to call global 'get_filename' (a nil value)
[WARN  Sun Apr 16 17:15:32 2023] ...share/nvim/lazy/telescope.nvim/lua/telescope/pickers.lua:489: Finder failed with msg:  /Users/tmadsen/source/codescope.nvim/hygge.lua:79: attempt to call global 'get_filename' (a nil value)
[WARN  Sun Apr 16 17:18:07 2023] ...share/nvim/lazy/telescope.nvim/lua/telescope/pickers.lua:489: Finder failed with msg:  [string ":source (no file)"]:76: attempt to call global 'get_filename' (a nil value)
[WARN  Sun Apr 16 17:18:07 2023] ...share/nvim/lazy/telescope.nvim/lua/telescope/pickers.lua:489: Finder failed with msg:  [string ":source (no file)"]:76: attempt to call global 'get_filename' (a nil value)
[WARN  Sun Apr 16 17:19:34 2023] ...share/nvim/lazy/telescope.nvim/lua/telescope/pickers.lua:489: Finder failed with msg:  [string ":source (no file)"]:76: attempt to call global 'get_filename' (a nil value)
[WARN  Sun Apr 16 17:19:35 2023] ...share/nvim/lazy/telescope.nvim/lua/telescope/pickers.lua:489: Finder failed with msg:  [string ":source (no file)"]:76: attempt to call global 'get_filename' (a nil value)
[WARN  Sun Apr 16 17:21:56 2023] ...share/nvim/lazy/telescope.nvim/lua/telescope/pickers.lua:489: Finder failed with msg:  [string ":source (no file)"]:70: attempt to call global 'get_filename' (a nil value)
[WARN  Sun Apr 16 17:21:57 2023] ...share/nvim/lazy/telescope.nvim/lua/telescope/pickers.lua:489: Finder failed with msg:  [string ":source (no file)"]:70: attempt to call global 'get_filename' (a nil value)
[WARN  Sun Apr 16 17:21:57 2023] ...share/nvim/lazy/telescope.nvim/lua/telescope/pickers.lua:489: Finder failed with msg:  [string ":source (no file)"]:70: attempt to call global 'get_filename' (a nil value)
[WARN  Sun Apr 16 17:22:09 2023] ...share/nvim/lazy/telescope.nvim/lua/telescope/pickers.lua:489: Finder failed with msg:  [string ":source (no file)"]:70: attempt to call global 'get_filename' (a nil value)
[WARN  Sun Apr 16 17:22:10 2023] ...share/nvim/lazy/telescope.nvim/lua/telescope/pickers.lua:489: Finder failed with msg:  [string ":source (no file)"]:70: attempt to call global 'get_filename' (a nil value)
[WARN  Sun Apr 16 17:22:10 2023] ...share/nvim/lazy/telescope.nvim/lua/telescope/pickers.lua:489: Finder failed with msg:  [string ":source (no file)"]:70: attempt to call global 'get_filename' (a nil value)
[WARN  Sun Apr 16 17:22:21 2023] ...share/nvim/lazy/telescope.nvim/lua/telescope/pickers.lua:489: Finder failed with msg:  [string ":source (no file)"]:70: attempt to call global 'get_filename' (a nil value)
[WARN  Sun Apr 16 17:22:22 2023] ...share/nvim/lazy/telescope.nvim/lua/telescope/pickers.lua:489: Finder failed with msg:  [string ":source (no file)"]:70: attempt to call global 'get_filename' (a nil value)
[WARN  Sun Apr 16 17:23:06 2023] ...share/nvim/lazy/telescope.nvim/lua/telescope/pickers.lua:489: Finder failed with msg:  /Users/tmadsen/source/codescope.nvim/hygge.lua:70: attempt to call global 'get_filename' (a nil value)
[WARN  Sun Apr 16 17:23:07 2023] ...share/nvim/lazy/telescope.nvim/lua/telescope/pickers.lua:489: Finder failed with msg:  /Users/tmadsen/source/codescope.nvim/hygge.lua:70: attempt to call global 'get_filename' (a nil value)
[WARN  Sun Apr 16 17:23:53 2023] ...share/nvim/lazy/telescope.nvim/lua/telescope/pickers.lua:489: Finder failed with msg:  [string ":source (no file)"]:71: attempt to concatenate field 'name' (a nil value)
[WARN  Sun Apr 16 17:23:54 2023] ...share/nvim/lazy/telescope.nvim/lua/telescope/pickers.lua:489: Finder failed with msg:  [string ":source (no file)"]:71: attempt to concatenate field 'name' (a nil value)
[WARN  Sat Apr 22 15:15:05 2023] ...share/nvim/lazy/telescope.nvim/lua/telescope/pickers.lua:489: Finder failed with msg:  [string ":source (no file)"]:40: attempt to index global 'symbol_msg' (a nil value)
[WARN  Sat Apr 22 15:15:06 2023] ...share/nvim/lazy/telescope.nvim/lua/telescope/pickers.lua:489: Finder failed with msg:  [string ":source (no file)"]:40: attempt to index global 'symbol_msg' (a nil value)
[WARN  Sat Apr 22 15:15:19 2023] ...share/nvim/lazy/telescope.nvim/lua/telescope/pickers.lua:489: Finder failed with msg:  [string ":source (no file)"]:40: attempt to index global 'symbol_msg' (a nil value)
[WARN  Sat Apr 22 15:15:31 2023] ...share/nvim/lazy/telescope.nvim/lua/telescope/pickers.lua:489: Finder failed with msg:  [string ":source (no file)"]:40: attempt to index global 'symbol_msg' (a nil value)
[WARN  Sat Apr 22 15:15:33 2023] ...share/nvim/lazy/telescope.nvim/lua/telescope/pickers.lua:489: Finder failed with msg:  [string ":source (no file)"]:40: attempt to index global 'symbol_msg' (a nil value)
[WARN  Sat Apr 22 15:15:33 2023] ...share/nvim/lazy/telescope.nvim/lua/telescope/pickers.lua:489: Finder failed with msg:  [string ":source (no file)"]:40: attempt to index global 'symbol_msg' (a nil value)
[WARN  Sat Apr 22 15:15:33 2023] ...share/nvim/lazy/telescope.nvim/lua/telescope/pickers.lua:489: Finder failed with msg:  [string ":source (no file)"]:40: attempt to index global 'symbol_msg' (a nil value)
[WARN  Sat Apr 22 15:36:14 2023] ...share/nvim/lazy/telescope.nvim/lua/telescope/pickers.lua:489: Finder failed with msg:  [string ":source (no file)"]:103: attempt to index field 'codicon' (a nil value)
[WARN  Sat Apr 22 15:36:21 2023] ...share/nvim/lazy/telescope.nvim/lua/telescope/pickers.lua:489: Finder failed with msg:  [string ":source (no file)"]:103: attempt to index field 'codicon' (a nil value)
[WARN  Wed Apr 26 15:21:53 2023] ...share/nvim/lazy/telescope.nvim/lua/telescope/pickers.lua:489: Finder failed with msg:  ...share/nvim/lazy/telescope.nvim/lua/telescope/finders.lua:132: attempt to call field 'fn' (a nil value)
[WARN  Wed Apr 26 15:22:20 2023] ...share/nvim/lazy/telescope.nvim/lua/telescope/pickers.lua:489: Finder failed with msg:  ...share/nvim/lazy/telescope.nvim/lua/telescope/finders.lua:132: attempt to call field 'fn' (a nil value)
[WARN  Wed Apr 26 15:22:20 2023] ...share/nvim/lazy/telescope.nvim/lua/telescope/pickers.lua:489: Finder failed with msg:  ...share/nvim/lazy/telescope.nvim/lua/telescope/finders.lua:132: attempt to call field 'fn' (a nil value)
[WARN  Wed Apr 26 15:22:21 2023] ...share/nvim/lazy/telescope.nvim/lua/telescope/pickers.lua:489: Finder failed with msg:  ...share/nvim/lazy/telescope.nvim/lua/telescope/finders.lua:132: attempt to call field 'fn' (a nil value)
[WARN  Wed Apr 26 15:52:21 2023] ...share/nvim/lazy/telescope.nvim/lua/telescope/pickers.lua:489: Finder failed with msg:  ...share/nvim/lazy/telescope.nvim/lua/telescope/finders.lua:134: bad argument #1 to 'ipairs' (table expected, got function)
[WARN  Wed Apr 26 15:52:23 2023] ...share/nvim/lazy/telescope.nvim/lua/telescope/pickers.lua:489: Finder failed with msg:  ...share/nvim/lazy/telescope.nvim/lua/telescope/finders.lua:134: bad argument #1 to 'ipairs' (table expected, got function)
[WARN  Wed Apr 26 16:18:09 2023] ...share/nvim/lazy/telescope.nvim/lua/telescope/pickers.lua:489: Finder failed with msg:  ...share/nvim/lazy/telescope.nvim/lua/telescope/finders.lua:134: bad argument #1 to 'ipairs' (table expected, got function)
[WARN  Wed Apr 26 16:18:10 2023] ...share/nvim/lazy/telescope.nvim/lua/telescope/pickers.lua:489: Finder failed with msg:  ...share/nvim/lazy/telescope.nvim/lua/telescope/finders.lua:134: bad argument #1 to 'ipairs' (table expected, got function)
[WARN  Wed Apr 26 16:58:43 2023] ...share/nvim/lazy/telescope.nvim/lua/telescope/pickers.lua:489: Finder failed with msg:  [string ":source (no file)"]:20: attempt to call a table value
[WARN  Wed Apr 26 16:59:02 2023] ...share/nvim/lazy/telescope.nvim/lua/telescope/pickers.lua:489: Finder failed with msg:  [string ":source (no file)"]:20: attempt to call a table value
[WARN  Wed Apr 26 16:59:03 2023] ...share/nvim/lazy/telescope.nvim/lua/telescope/pickers.lua:489: Finder failed with msg:  [string ":source (no file)"]:20: attempt to call a table value
[WARN  Wed Apr 26 17:01:12 2023] ...share/nvim/lazy/telescope.nvim/lua/telescope/pickers.lua:489: Finder failed with msg:  ...share/nvim/lazy/telescope.nvim/lua/telescope/finders.lua:134: bad argument #1 to 'ipairs' (table expected, got nil)
[WARN  Wed Apr 26 17:01:13 2023] ...share/nvim/lazy/telescope.nvim/lua/telescope/pickers.lua:489: Finder failed with msg:  ...share/nvim/lazy/telescope.nvim/lua/telescope/finders.lua:134: bad argument #1 to 'ipairs' (table expected, got nil)
[WARN  Wed Apr 26 17:01:13 2023] ...share/nvim/lazy/telescope.nvim/lua/telescope/pickers.lua:489: Finder failed with msg:  ...share/nvim/lazy/telescope.nvim/lua/telescope/finders.lua:134: bad argument #1 to 'ipairs' (table expected, got nil)
[WARN  Wed Apr 26 17:01:13 2023] ...share/nvim/lazy/telescope.nvim/lua/telescope/pickers.lua:489: Finder failed with msg:  ...share/nvim/lazy/telescope.nvim/lua/telescope/finders.lua:134: bad argument #1 to 'ipairs' (table expected, got nil)
[WARN  Wed Apr 26 17:01:13 2023] ...share/nvim/lazy/telescope.nvim/lua/telescope/pickers.lua:489: Finder failed with msg:  ...share/nvim/lazy/telescope.nvim/lua/telescope/finders.lua:134: bad argument #1 to 'ipairs' (table expected, got nil)
[WARN  Wed Apr 26 17:01:13 2023] ...share/nvim/lazy/telescope.nvim/lua/telescope/pickers.lua:489: Finder failed with msg:  ...share/nvim/lazy/telescope.nvim/lua/telescope/finders.lua:134: bad argument #1 to 'ipairs' (table expected, got nil)
[WARN  Wed Apr 26 17:01:13 2023] ...share/nvim/lazy/telescope.nvim/lua/telescope/pickers.lua:489: Finder failed with msg:  ...share/nvim/lazy/telescope.nvim/lua/telescope/finders.lua:134: bad argument #1 to 'ipairs' (table expected, got nil)
[WARN  Wed Apr 26 17:01:13 2023] ...share/nvim/lazy/telescope.nvim/lua/telescope/pickers.lua:489: Finder failed with msg:  ...share/nvim/lazy/telescope.nvim/lua/telescope/finders.lua:134: bad argument #1 to 'ipairs' (table expected, got nil)
[WARN  Wed Apr 26 17:03:09 2023] ...share/nvim/lazy/telescope.nvim/lua/telescope/pickers.lua:489: Finder failed with msg:  ...share/nvim/lazy/telescope.nvim/lua/telescope/finders.lua:134: bad argument #1 to 'ipairs' (table expected, got nil)
[WARN  Wed Apr 26 17:03:10 2023] ...share/nvim/lazy/telescope.nvim/lua/telescope/pickers.lua:489: Finder failed with msg:  ...share/nvim/lazy/telescope.nvim/lua/telescope/finders.lua:134: bad argument #1 to 'ipairs' (table expected, got nil)
[WARN  Wed Apr 26 17:03:10 2023] ...share/nvim/lazy/telescope.nvim/lua/telescope/pickers.lua:489: Finder failed with msg:  ...share/nvim/lazy/telescope.nvim/lua/telescope/finders.lua:134: bad argument #1 to 'ipairs' (table expected, got nil)
[WARN  Wed Apr 26 17:03:10 2023] ...share/nvim/lazy/telescope.nvim/lua/telescope/pickers.lua:489: Finder failed with msg:  ...share/nvim/lazy/telescope.nvim/lua/telescope/finders.lua:134: bad argument #1 to 'ipairs' (table expected, got nil)
[WARN  Wed Apr 26 17:03:10 2023] ...share/nvim/lazy/telescope.nvim/lua/telescope/pickers.lua:489: Finder failed with msg:  ...share/nvim/lazy/telescope.nvim/lua/telescope/finders.lua:134: bad argument #1 to 'ipairs' (table expected, got nil)
[WARN  Wed Apr 26 17:03:10 2023] ...share/nvim/lazy/telescope.nvim/lua/telescope/pickers.lua:489: Finder failed with msg:  ...share/nvim/lazy/telescope.nvim/lua/telescope/finders.lua:134: bad argument #1 to 'ipairs' (table expected, got nil)
[WARN  Wed Apr 26 17:03:10 2023] ...share/nvim/lazy/telescope.nvim/lua/telescope/pickers.lua:489: Finder failed with msg:  ...share/nvim/lazy/telescope.nvim/lua/telescope/finders.lua:134: bad argument #1 to 'ipairs' (table expected, got nil)
[WARN  Wed Apr 26 17:03:10 2023] ...share/nvim/lazy/telescope.nvim/lua/telescope/pickers.lua:489: Finder failed with msg:  ...share/nvim/lazy/telescope.nvim/lua/telescope/finders.lua:134: bad argument #1 to 'ipairs' (table expected, got nil)
[WARN  Wed Apr 26 17:03:10 2023] ...share/nvim/lazy/telescope.nvim/lua/telescope/pickers.lua:489: Finder failed with msg:  ...share/nvim/lazy/telescope.nvim/lua/telescope/finders.lua:134: bad argument #1 to 'ipairs' (table expected, got nil)
[WARN  Wed Apr 26 17:03:19 2023] ...share/nvim/lazy/telescope.nvim/lua/telescope/pickers.lua:489: Finder failed with msg:  ...share/nvim/lazy/telescope.nvim/lua/telescope/finders.lua:134: bad argument #1 to 'ipairs' (table expected, got nil)
[WARN  Wed Apr 26 17:03:20 2023] ...share/nvim/lazy/telescope.nvim/lua/telescope/pickers.lua:489: Finder failed with msg:  ...share/nvim/lazy/telescope.nvim/lua/telescope/finders.lua:134: bad argument #1 to 'ipairs' (table expected, got nil)
[WARN  Wed Apr 26 17:03:20 2023] ...share/nvim/lazy/telescope.nvim/lua/telescope/pickers.lua:489: Finder failed with msg:  ...share/nvim/lazy/telescope.nvim/lua/telescope/finders.lua:134: bad argument #1 to 'ipairs' (table expected, got nil)
[WARN  Wed Apr 26 17:05:25 2023] ...share/nvim/lazy/telescope.nvim/lua/telescope/pickers.lua:489: Finder failed with msg:  [string ":source (no file)"]:52: attempt to call a table value
[WARN  Wed Apr 26 17:05:26 2023] ...share/nvim/lazy/telescope.nvim/lua/telescope/pickers.lua:489: Finder failed with msg:  [string ":source (no file)"]:52: attempt to call a table value
[WARN  Wed Apr 26 17:05:42 2023] ...share/nvim/lazy/telescope.nvim/lua/telescope/pickers.lua:489: Finder failed with msg:  [string ":source (no file)"]:52: attempt to call a table value
[WARN  Wed Apr 26 17:05:43 2023] ...share/nvim/lazy/telescope.nvim/lua/telescope/pickers.lua:489: Finder failed with msg:  [string ":source (no file)"]:52: attempt to call a table value
[WARN  Wed Apr 26 17:06:47 2023] ...share/nvim/lazy/telescope.nvim/lua/telescope/pickers.lua:489: Finder failed with msg:  ...share/nvim/lazy/telescope.nvim/lua/telescope/finders.lua:134: bad argument #1 to 'ipairs' (table expected, got nil)
[WARN  Wed Apr 26 17:06:47 2023] ...share/nvim/lazy/telescope.nvim/lua/telescope/pickers.lua:489: Finder failed with msg:  ...share/nvim/lazy/telescope.nvim/lua/telescope/finders.lua:134: bad argument #1 to 'ipairs' (table expected, got nil)
[WARN  Wed Apr 26 17:21:00 2023] ...share/nvim/lazy/telescope.nvim/lua/telescope/pickers.lua:489: Finder failed with msg:  ...share/nvim/lazy/telescope.nvim/lua/telescope/finders.lua:132: attempt to call field 'fn' (a table value)
[WARN  Wed Apr 26 17:21:00 2023] ...share/nvim/lazy/telescope.nvim/lua/telescope/pickers.lua:489: Finder failed with msg:  ...share/nvim/lazy/telescope.nvim/lua/telescope/finders.lua:132: attempt to call field 'fn' (a table value)
[WARN  Wed Apr 26 17:25:25 2023] ...share/nvim/lazy/telescope.nvim/lua/telescope/pickers.lua:489: Finder failed with msg:  ...share/nvim/lazy/telescope.nvim/lua/telescope/finders.lua:132: attempt to call field 'fn' (a nil value)
[WARN  Wed Apr 26 17:25:26 2023] ...share/nvim/lazy/telescope.nvim/lua/telescope/pickers.lua:489: Finder failed with msg:  ...share/nvim/lazy/telescope.nvim/lua/telescope/finders.lua:132: attempt to call field 'fn' (a nil value)
[WARN  Wed Apr 26 17:29:52 2023] ...share/nvim/lazy/telescope.nvim/lua/telescope/pickers.lua:489: Finder failed with msg:  ...share/nvim/lazy/telescope.nvim/lua/telescope/finders.lua:134: bad argument #1 to 'ipairs' (table expected, got function)
[WARN  Wed Apr 26 17:29:53 2023] ...share/nvim/lazy/telescope.nvim/lua/telescope/pickers.lua:489: Finder failed with msg:  ...share/nvim/lazy/telescope.nvim/lua/telescope/finders.lua:134: bad argument #1 to 'ipairs' (table expected, got function)
[WARN  Wed Apr 26 17:29:53 2023] ...share/nvim/lazy/telescope.nvim/lua/telescope/pickers.lua:489: Finder failed with msg:  ...share/nvim/lazy/telescope.nvim/lua/telescope/finders.lua:134: bad argument #1 to 'ipairs' (table expected, got function)
[WARN  Wed Apr 26 17:30:49 2023] ...share/nvim/lazy/telescope.nvim/lua/telescope/pickers.lua:489: Finder failed with msg:  ...share/nvim/lazy/telescope.nvim/lua/telescope/finders.lua:134: bad argument #1 to 'ipairs' (table expected, got nil)
[WARN  Wed Apr 26 17:30:50 2023] ...share/nvim/lazy/telescope.nvim/lua/telescope/pickers.lua:489: Finder failed with msg:  ...share/nvim/lazy/telescope.nvim/lua/telescope/finders.lua:134: bad argument #1 to 'ipairs' (table expected, got nil)
[WARN  Wed Apr 26 17:30:50 2023] ...share/nvim/lazy/telescope.nvim/lua/telescope/pickers.lua:489: Finder failed with msg:  ...share/nvim/lazy/telescope.nvim/lua/telescope/finders.lua:134: bad argument #1 to 'ipairs' (table expected, got nil)
[WARN  Wed Apr 26 17:30:50 2023] ...share/nvim/lazy/telescope.nvim/lua/telescope/pickers.lua:489: Finder failed with msg:  ...share/nvim/lazy/telescope.nvim/lua/telescope/finders.lua:134: bad argument #1 to 'ipairs' (table expected, got nil)
[WARN  Wed Apr 26 18:47:06 2023] ...share/nvim/lazy/telescope.nvim/lua/telescope/pickers.lua:489: Finder failed with msg:  ...share/nvim/lazy/telescope.nvim/lua/telescope/finders.lua:134: bad argument #1 to 'ipairs' (table expected, got nil)
[WARN  Wed Apr 26 18:47:07 2023] ...share/nvim/lazy/telescope.nvim/lua/telescope/pickers.lua:489: Finder failed with msg:  ...share/nvim/lazy/telescope.nvim/lua/telescope/finders.lua:134: bad argument #1 to 'ipairs' (table expected, got nil)
[WARN  Wed Apr 26 18:47:34 2023] ...share/nvim/lazy/telescope.nvim/lua/telescope/pickers.lua:489: Finder failed with msg:  ...share/nvim/lazy/telescope.nvim/lua/telescope/finders.lua:134: bad argument #1 to 'ipairs' (table expected, got nil)
[WARN  Wed Apr 26 18:47:35 2023] ...share/nvim/lazy/telescope.nvim/lua/telescope/pickers.lua:489: Finder failed with msg:  ...share/nvim/lazy/telescope.nvim/lua/telescope/finders.lua:134: bad argument #1 to 'ipairs' (table expected, got nil)
