




[ INFO ] 2023-04-02T20:40:55Z+0200 ] ...dsen/.local/share/nvim/lazy/nvim-dap/lua/dap/session.lua:873 ]	"Server rejected breakpoint"	{
  id = 1,
  line = 3,
  message = "The breakpoint is pending and will be resolved when debugging starts.",
  verified = false
}
[ INFO ] 2023-04-02T20:40:55Z+0200 ] ...dsen/.local/share/nvim/lazy/nvim-dap/lua/dap/session.lua:873 ]	"Server rejected breakpoint"	{
  id = 2,
  line = 4,
  message = "The breakpoint is pending and will be resolved when debugging starts.",
  verified = false
}
[ INFO ] 2023-04-02T20:40:55Z+0200 ] ...dsen/.local/share/nvim/lazy/nvim-dap/lua/dap/session.lua:873 ]	"Server rejected breakpoint"	{
  id = 3,
  line = 5,
  message = "The breakpoint is pending and will be resolved when debugging starts.",
  verified = false
}
[ INFO ] 2023-04-02T20:40:55Z+0200 ] ...dsen/.local/share/nvim/lazy/nvim-dap/lua/dap/session.lua:873 ]	"Server rejected breakpoint"	{
  id = 4,
  line = 6,
  message = "The breakpoint is pending and will be resolved when debugging starts.",
  verified = false
}
[ INFO ] 2023-04-02T20:40:55Z+0200 ] ...dsen/.local/share/nvim/lazy/nvim-dap/lua/dap/session.lua:873 ]	"Server rejected breakpoint"	{
  id = 5,
  line = 7,
  message = "The breakpoint is pending and will be resolved when debugging starts.",
  verified = false
}
[ INFO ] 2023-04-02T20:40:55Z+0200 ] ...dsen/.local/share/nvim/lazy/nvim-dap/lua/dap/session.lua:873 ]	"Server rejected breakpoint"	{
  id = 6,
  line = 8,
  message = "The breakpoint is pending and will be resolved when debugging starts.",
  verified = false
}
[ INFO ] 2023-04-02T20:40:55Z+0200 ] ...dsen/.local/share/nvim/lazy/nvim-dap/lua/dap/session.lua:873 ]	"Server rejected breakpoint"	{
  id = 7,
  line = 9,
  message = "The breakpoint is pending and will be resolved when debugging starts.",
  verified = false
}

[ INFO ] 2023-04-02T21:04:03Z+0200 ] ...dsen/.local/share/nvim/lazy/nvim-dap/lua/dap/session.lua:873 ]	"Server rejected breakpoint"	{
  id = 1,
  line = 33,
  message = "The breakpoint is pending and will be resolved when debugging starts.",
  verified = false
}

[ INFO ] 2023-04-02T21:22:07Z+0200 ] ...dsen/.local/share/nvim/lazy/nvim-dap/lua/dap/session.lua:873 ]	"Server rejected breakpoint"	{
  id = 1,
  line = 31,
  message = "The breakpoint is pending and will be resolved when debugging starts.",
  verified = false
}
[ INFO ] 2023-04-02T21:23:16Z+0200 ] ...dsen/.local/share/nvim/lazy/nvim-dap/lua/dap/session.lua:1687 ]	"Session closed due to disconnect"

[ INFO ] 2023-04-02T21:26:57Z+0200 ] ...dsen/.local/share/nvim/lazy/nvim-dap/lua/dap/session.lua:873 ]	"Server rejected breakpoint"	{
  id = 1,
  line = 33,
  message = "The breakpoint is pending and will be resolved when debugging starts.",
  verified = false
}
[ INFO ] 2023-04-02T21:27:50Z+0200 ] ...dsen/.local/share/nvim/lazy/nvim-dap/lua/dap/session.lua:1687 ]	"Session closed due to disconnect"

[ INFO ] 2023-04-07T22:35:45Z+0200 ] ...dsen/.local/share/nvim/lazy/nvim-dap/lua/dap/session.lua:873 ]	"Server rejected breakpoint"	{
  id = 1,
  line = 32,
  message = "The breakpoint is pending and will be resolved when debugging starts.",
  verified = false
}
[ INFO ] 2023-04-07T22:53:07Z+0200 ] ...dsen/.local/share/nvim/lazy/nvim-dap/lua/dap/session.lua:873 ]	"Server rejected breakpoint"	{
  id = 1,
  line = 32,
  message = "The breakpoint is pending and will be resolved when debugging starts.",
  verified = false
}

[ INFO ] 2023-04-07T23:05:01Z+0200 ] ...dsen/.local/share/nvim/lazy/nvim-dap/lua/dap/session.lua:873 ]	"Server rejected breakpoint"	{
  id = 1,
  line = 32,
  message = "The breakpoint is pending and will be resolved when debugging starts.",
  verified = false
}

[ INFO ] 2023-04-07T23:07:43Z+0200 ] ...dsen/.local/share/nvim/lazy/nvim-dap/lua/dap/session.lua:873 ]	"Server rejected breakpoint"	{
  id = 1,
  line = 32,
  message = "The breakpoint is pending and will be resolved when debugging starts.",
  verified = false
}

[ INFO ] 2023-04-07T23:13:25Z+0200 ] ...dsen/.local/share/nvim/lazy/nvim-dap/lua/dap/session.lua:873 ]	"Server rejected breakpoint"	{
  id = 1,
  line = 34,
  message = "The breakpoint is pending and will be resolved when debugging starts.",
  verified = false
}

[ INFO ] 2023-04-07T23:15:29Z+0200 ] ...dsen/.local/share/nvim/lazy/nvim-dap/lua/dap/session.lua:873 ]	"Server rejected breakpoint"	{
  id = 1,
  line = 34,
  message = "The breakpoint is pending and will be resolved when debugging starts.",
  verified = false
}

[ INFO ] 2023-04-07T23:25:39Z+0200 ] ...dsen/.local/share/nvim/lazy/nvim-dap/lua/dap/session.lua:873 ]	"Server rejected breakpoint"	{
  id = 1,
  line = 35,
  message = "The breakpoint is pending and will be resolved when debugging starts.",
  verified = false
}

[ INFO ] 2023-04-07T23:27:49Z+0200 ] ...dsen/.local/share/nvim/lazy/nvim-dap/lua/dap/session.lua:873 ]	"Server rejected breakpoint"	{
  id = 1,
  line = 34,
  message = "The breakpoint is pending and will be resolved when debugging starts.",
  verified = false
}

[ INFO ] 2023-04-07T23:29:20Z+0200 ] ...dsen/.local/share/nvim/lazy/nvim-dap/lua/dap/session.lua:873 ]	"Server rejected breakpoint"	{
  id = 1,
  line = 34,
  message = "The breakpoint is pending and will be resolved when debugging starts.",
  verified = false
}

[ INFO ] 2023-04-07T23:33:07Z+0200 ] ...dsen/.local/share/nvim/lazy/nvim-dap/lua/dap/session.lua:873 ]	"Server rejected breakpoint"	{
  id = 1,
  line = 44,
  message = "The breakpoint is pending and will be resolved when debugging starts.",
  verified = false
}

[ INFO ] 2023-04-07T23:34:24Z+0200 ] ...dsen/.local/share/nvim/lazy/nvim-dap/lua/dap/session.lua:873 ]	"Server rejected breakpoint"	{
  id = 1,
  line = 44,
  message = "The breakpoint is pending and will be resolved when debugging starts.",
  verified = false
}

[ INFO ] 2023-04-07T23:36:41Z+0200 ] ...dsen/.local/share/nvim/lazy/nvim-dap/lua/dap/session.lua:873 ]	"Server rejected breakpoint"	{
  id = 1,
  line = 44,
  message = "The breakpoint is pending and will be resolved when debugging starts.",
  verified = false
}

[ INFO ] 2023-04-08T16:11:44Z+0200 ] ...dsen/.local/share/nvim/lazy/nvim-dap/lua/dap/session.lua:873 ]	"Server rejected breakpoint"	{
  id = 1,
  line = 35,
  message = "The breakpoint is pending and will be resolved when debugging starts.",
  verified = false
}

[ INFO ] 2023-04-08T16:44:32Z+0200 ] ...dsen/.local/share/nvim/lazy/nvim-dap/lua/dap/session.lua:873 ]	"Server rejected breakpoint"	{
  id = 1,
  line = 38,
  message = "The breakpoint is pending and will be resolved when debugging starts.",
  verified = false
}
